<?xml version="1.0" encoding="utf-8" standalone="no"?>
<!--This file represents the results of running a test suite-->
<test-results name="C:\Users\Administrador\Documents\Visual Studio 2015\Projects\Caelum.Leilao.Tests\Caelum.Leilao.Tests\bin\Debug\Caelum.Leilao.Tests.dll" total="23" errors="0" failures="0" not-run="0" inconclusive="0" ignored="0" skipped="0" invalid="0" date="2015-11-08" time="23:22:49">
  <environment nunit-version="2.6.4.14350" clr-version="2.0.50727.5485" os-version="Microsoft Windows NT 6.1.7601 Service Pack 1" platform="Win32NT" cwd="C:\Program Files (x86)\NUnit 2.6.4\bin" machine-name="QUANTUM" user="Administrador" user-domain="QUANTUM" />
  <culture-info current-culture="pt-BR" current-uiculture="pt-BR" />
  <test-suite type="Assembly" name="C:\Users\Administrador\Documents\Visual Studio 2015\Projects\Caelum.Leilao.Tests\Caelum.Leilao.Tests\bin\Debug\Caelum.Leilao.Tests.dll" executed="True" result="Success" success="True" time="0.268" asserts="0">
    <results>
      <test-suite type="Namespace" name="Caelum" executed="True" result="Success" success="True" time="0.254" asserts="0">
        <results>
          <test-suite type="Namespace" name="Leilao" executed="True" result="Success" success="True" time="0.253" asserts="0">
            <results>
              <test-suite type="TestFixture" name="AvaliadorTest" executed="True" result="Success" success="True" time="0.141" asserts="0">
                <results>
                  <test-case name="Caelum.Leilao.AvaliadorTest.DeveAvaliarLeilaoComApenasUmLance" executed="True" result="Success" success="True" time="0.079" asserts="2" />
                  <test-case name="Caelum.Leilao.AvaliadorTest.DeveAvaliarLeilaoComLancesEmOrdemAleatoria" executed="True" result="Success" success="True" time="0.004" asserts="2" />
                  <test-case name="Caelum.Leilao.AvaliadorTest.DeveAvaliarLeilaoComLancesEmOrdemCrescente" executed="True" result="Success" success="True" time="0.001" asserts="2" />
                  <test-case name="Caelum.Leilao.AvaliadorTest.DeveAvaliarLeilaoComLancesEmOrdemDecrescente" executed="True" result="Success" success="True" time="0.001" asserts="2" />
                  <test-case name="Caelum.Leilao.AvaliadorTest.DeveInformarOsTresMaioresLancesDeUmLeilao" executed="True" result="Success" success="True" time="0.003" asserts="4" />
                  <test-case name="Caelum.Leilao.AvaliadorTest.DeveInformarTodosOsLancesComoMaioresQuandoMenosDoQueTresLancesForemPropostos" executed="True" result="Success" success="True" time="0.001" asserts="3" />
                  <test-case name="Caelum.Leilao.AvaliadorTest.NaoDeveAvaliarLeilaoSemLance" executed="True" result="Success" success="True" time="0.009" asserts="0" />
                </results>
              </test-suite>
              <test-suite type="Namespace" name="Tests" executed="True" result="Success" success="True" time="0.105" asserts="0">
                <results>
                  <test-suite type="TestFixture" name="FiltroDeLancesTest" executed="True" result="Success" success="True" time="0.031" asserts="0">
                    <results>
                      <test-case name="Caelum.Leilao.Tests.FiltroDeLancesTest.DeveSelecionarLancesEntre1000E3000" executed="True" result="Success" success="True" time="0.002" asserts="2" />
                      <test-case name="Caelum.Leilao.Tests.FiltroDeLancesTest.DeveSelecionarLancesEntre500E700" executed="True" result="Success" success="True" time="0.001" asserts="2" />
                      <test-case name="Caelum.Leilao.Tests.FiltroDeLancesTest.DeveSelecionarLancesMaioresQue5000" executed="True" result="Success" success="True" time="0.001" asserts="2" />
                      <test-case name="Caelum.Leilao.Tests.FiltroDeLancesTest.NaoDeveSelecionarLancesEntre3000E5000" executed="True" result="Success" success="True" time="0.001" asserts="1" />
                      <test-case name="Caelum.Leilao.Tests.FiltroDeLancesTest.NaoDeveSelecionarLancesEntre700E1000" executed="True" result="Success" success="True" time="0.001" asserts="1" />
                      <test-case name="Caelum.Leilao.Tests.FiltroDeLancesTest.NaoDeveSelecionarLancesMenoresOuIguaisA5000" executed="True" result="Success" success="True" time="0.001" asserts="1" />
                    </results>
                  </test-suite>
                  <test-suite type="TestFixture" name="LeilaoTest" executed="True" result="Success" success="True" time="0.035" asserts="0">
                    <results>
                      <test-case name="Caelum.Leilao.Tests.LeilaoTest.DeveDobrarOLanceAnteriorDeUmUsuario" executed="True" result="Success" success="True" time="0.003" asserts="2" />
                      <test-case name="Caelum.Leilao.Tests.LeilaoTest.NaoDeveAceitar2LancesEmSequenciaDadoPeloMesmoUsuario" executed="True" result="Success" success="True" time="0.001" asserts="2" />
                      <test-case name="Caelum.Leilao.Tests.LeilaoTest.NaoDeveAvaliarLeilaoComLanceIgualAZero" executed="True" result="Success" success="True" time="0.001" asserts="0" />
                      <test-case name="Caelum.Leilao.Tests.LeilaoTest.NaoDeveAvaliarLeilaoComLanceMenorQueZero" executed="True" result="Success" success="True" time="0.001" asserts="0" />
                      <test-case name="Caelum.Leilao.Tests.LeilaoTest.NaoDeveDobrarLanceParaUsuarioQueNuncaPropos" executed="True" result="Success" success="True" time="0.001" asserts="1" />
                      <test-case name="Caelum.Leilao.Tests.LeilaoTest.UmMesmoUsuarioNaoPodeDarMaisDoQue5LancesNoMesmoLeilao" executed="True" result="Success" success="True" time="0.002" asserts="2" />
                    </results>
                  </test-suite>
                  <test-suite type="TestFixture" name="MatematicaMalucaTest" executed="True" result="Success" success="True" time="0.013" asserts="0">
                    <results>
                      <test-case name="Caelum.Leilao.Tests.MatematicaMalucaTest.DeveCalcularODobroParaNumeroMenorQue11" executed="True" result="Success" success="True" time="0.001" asserts="1" />
                      <test-case name="Caelum.Leilao.Tests.MatematicaMalucaTest.DeveCalcularOQuadruploParaNumeroMaiorQueTrinta" executed="True" result="Success" success="True" time="0.001" asserts="1" />
                      <test-case name="Caelum.Leilao.Tests.MatematicaMalucaTest.DeveCalcularOTriploParaNumeroEntre11e31" executed="True" result="Success" success="True" time="0.001" asserts="2" />
                    </results>
                  </test-suite>
                  <test-suite type="TestFixture" name="PalindromoTest" executed="True" result="Success" success="True" time="0.006" asserts="0">
                    <results>
                      <test-case name="Caelum.Leilao.Tests.PalindromoTest.DeveIdentificarPalindromo" executed="True" result="Success" success="True" time="0.004" asserts="1" />
                    </results>
                  </test-suite>
                </results>
              </test-suite>
            </results>
          </test-suite>
        </results>
      </test-suite>
    </results>
  </test-suite>
</test-results>